2026-05-13 11:25:57,920 [INFO] Mutual Fund Chatbot - MASTER INGESTION PIPELINE INITIATED
2026-05-13 11:25:57,920 [INFO] ============================================================
2026-05-13 11:25:57,921 [INFO] Starting Phase: scraper
2026-05-13 11:25:57,921 [INFO] Path: C:\mutual fund chatbot\phases\phase_1\phase_1.2_scraping\scraper.py
2026-05-13 11:25:57,921 [INFO] ============================================================
2026-05-13 11:26:10,026 [INFO] [OK] Completed scraper in 12.10 seconds.
2026-05-13 11:26:10,028 [INFO] ============================================================
2026-05-13 11:26:10,028 [INFO] Starting Phase: cleaner
2026-05-13 11:26:10,028 [INFO] Path: C:\mutual fund chatbot\phases\phase_1\phase_1.2_scraping\cleaner.py
2026-05-13 11:26:10,028 [INFO] ============================================================
2026-05-13 11:26:10,346 [INFO] [OK] Completed cleaner in 0.32 seconds.
2026-05-13 11:26:10,346 [INFO] ============================================================
2026-05-13 11:26:10,348 [INFO] Starting Phase: chunker
2026-05-13 11:26:10,348 [INFO] Path: C:\mutual fund chatbot\phases\phase_1\phase_1.3_chunking\chunker.py
2026-05-13 11:26:10,348 [INFO] ============================================================
2026-05-13 11:26:10,465 [INFO] [OK] Completed chunker in 0.12 seconds.
2026-05-13 11:26:10,465 [INFO] ============================================================
2026-05-13 11:26:10,465 [INFO] Starting Phase: embedder
2026-05-13 11:26:10,467 [INFO] Path: C:\mutual fund chatbot\phases\phase_1\phase_1.4_embedding\embedder.py
2026-05-13 11:26:10,467 [INFO] ============================================================
2026-05-13 11:26:43,239 [INFO] Use pytorch device_name: cpu
2026-05-13 11:26:43,239 [INFO] Load pretrained SentenceTransformer: BAAI/bge-small-en-v1.5
2026-05-13 11:27:29,941 [INFO] [OK] Completed embedder in 79.47 seconds.
2026-05-13 11:27:29,949 [INFO] ============================================================
2026-05-13 11:27:29,949 [INFO] Starting Phase: db_manager
2026-05-13 11:27:29,949 [INFO] Path: C:\mutual fund chatbot\phases\phase_1\phase_1.5_vector_storage\db_manager.py
2026-05-13 11:27:29,949 [INFO] ============================================================
2026-05-13 11:27:33,825 [INFO] Anonymized telemetry enabled. See                     https://docs.trychroma.com/telemetry for more information.
2026-05-13 11:27:34,188 [ERROR] Failed to send telemetry event ClientStartEvent: capture() takes 1 positional argument but 3 were given
2026-05-13 11:27:34,197 [ERROR] Failed to send telemetry event ClientCreateCollectionEvent: capture() takes 1 positional argument but 3 were given
2026-05-13 11:27:34,468 [ERROR] Failed to send telemetry event CollectionGetEvent: capture() takes 1 positional argument but 3 were given
2026-05-13 11:27:34,471 [ERROR] Failed to send telemetry event CollectionGetEvent: capture() takes 1 positional argument but 3 were given
2026-05-13 11:27:34,471 [ERROR] Failed to send telemetry event CollectionQueryEvent: capture() takes 1 positional argument but 3 were given
2026-05-13 11:27:34,478 [INFO] [OK] Completed db_manager in 4.53 seconds.
2026-05-13 11:27:34,480 [INFO] Updated ingestion metadata: 2026-05-13
2026-05-13 11:27:34,480 [INFO] ********************************************************************************
2026-05-13 11:27:34,480 [INFO] PIPELINE COMPLETE: All phases executed successfully in 96.56 seconds.
2026-05-13 11:27:34,480 [INFO] ********************************************************************************
2026-05-13 09:48:35,150 [INFO] Mutual Fund Chatbot - MASTER INGESTION PIPELINE INITIATED
2026-05-13 09:48:35,151 [INFO] ============================================================
2026-05-13 09:48:35,151 [INFO] Starting Phase: scraper
2026-05-13 09:48:35,151 [INFO] Path: /home/runner/work/askgrow/askgrow/phases/phase_1/phase_1.2_scraping/scraper.py
2026-05-13 09:48:35,151 [INFO] ============================================================
2026-05-13 09:48:45,998 [INFO] [OK] Completed scraper in 10.85 seconds.
2026-05-13 09:48:45,998 [INFO] ============================================================
2026-05-13 09:48:45,998 [INFO] Starting Phase: cleaner
2026-05-13 09:48:45,998 [INFO] Path: /home/runner/work/askgrow/askgrow/phases/phase_1/phase_1.2_scraping/cleaner.py
2026-05-13 09:48:45,998 [INFO] ============================================================
2026-05-13 09:48:46,004 [INFO] [OK] Completed cleaner in 0.01 seconds.
2026-05-13 09:48:46,004 [INFO] ============================================================
2026-05-13 09:48:46,004 [INFO] Starting Phase: chunker
2026-05-13 09:48:46,004 [INFO] Path: /home/runner/work/askgrow/askgrow/phases/phase_1/phase_1.3_chunking/chunker.py
2026-05-13 09:48:46,004 [INFO] ============================================================
2026-05-13 09:48:46,009 [INFO] [OK] Completed chunker in 0.01 seconds.
2026-05-13 09:48:46,009 [INFO] ============================================================
2026-05-13 09:48:46,009 [INFO] Starting Phase: embedder
2026-05-13 09:48:46,009 [INFO] Path: /home/runner/work/askgrow/askgrow/phases/phase_1/phase_1.4_embedding/embedder.py
2026-05-13 09:48:46,009 [INFO] ============================================================
2026-05-13 09:48:51,558 [INFO] Use pytorch device_name: cpu
2026-05-13 09:48:51,558 [INFO] Load pretrained SentenceTransformer: BAAI/bge-small-en-v1.5
2026-05-13 09:49:00,300 [INFO] [OK] Completed embedder in 14.29 seconds.
2026-05-13 09:49:00,300 [INFO] ============================================================
2026-05-13 09:49:00,300 [INFO] Starting Phase: db_manager
2026-05-13 09:49:00,300 [INFO] Path: /home/runner/work/askgrow/askgrow/phases/phase_1/phase_1.5_vector_storage/db_manager.py
2026-05-13 09:49:00,300 [INFO] ============================================================
2026-05-13 09:49:02,608 [INFO] Anonymized telemetry enabled. See                     https://docs.trychroma.com/telemetry for more information.
2026-05-13 09:49:02,692 [ERROR] Failed to send telemetry event ClientStartEvent: capture() takes 1 positional argument but 3 were given
2026-05-13 09:49:02,694 [ERROR] Failed to send telemetry event ClientCreateCollectionEvent: capture() takes 1 positional argument but 3 were given
2026-05-13 09:49:02,765 [ERROR] Failed to send telemetry event CollectionGetEvent: capture() takes 1 positional argument but 3 were given
2026-05-13 09:49:02,766 [ERROR] Failed to send telemetry event CollectionGetEvent: capture() takes 1 positional argument but 3 were given
2026-05-13 09:49:02,767 [ERROR] Failed to send telemetry event CollectionQueryEvent: capture() takes 1 positional argument but 3 were given
2026-05-13 09:49:02,771 [INFO] [OK] Completed db_manager in 2.47 seconds.
2026-05-13 09:49:02,771 [INFO] Updated ingestion metadata: 2026-05-13
2026-05-13 09:49:02,771 [INFO] ********************************************************************************
2026-05-13 09:49:02,772 [INFO] PIPELINE COMPLETE: All phases executed successfully in 27.62 seconds.
2026-05-13 09:49:02,772 [INFO] ********************************************************************************
